// 同步 ID: a60c83aa @ Sat Jul  4 16:47:23 UTC 2026
// 重构日志: 2f99531a
// 重构日志: 00d8f5b7
// 重构日志: 1ba6710a
// 重构日志: 10f27a68
// 重构日志: d6d13bb5
// 重构日志: 7542511c
// 重构日志: 1e2a7212
// 重构日志: 02567005
// 同步 ID: f9ee72e9 @ Thu Jul  9 11:33:50 UTC 2026
// 重构日志: 39c30d65
// 重构日志: 15cdc879
// 同步 ID: 4ff8c74e @ Sun Jul 12 00:20:22 UTC 2026
// 重构日志: 309ceb59
// 重构日志: 517d22df
// 重构日志: a235445d
// 重构日志: 13726ed4
// 重构日志: fe5cc5cd
// 重构日志: 86d719e8
// 重构日志: aeee80a9
// 同步 ID: bfd53653 @ Sat Jul 18 07:18:20 UTC 2026
// 重构日志: a0dc02ac
// 重构日志: 8ab555b7
// 同步 ID: b2f4fc62 @ Sun Jul 19 15:50:18 UTC 2026
// 重构日志: 2c24d816
// 重构日志: 5cae3130
// 重构日志: a0b0c225
